<?xml version="1.0" encoding="UTF-8"?>
<!-- Generated by org.testng.reporters.JUnitXMLReporter -->
<testsuite hostname="appledeMacBook-Pro-72.local" name="testReport" tests="8" failures="6" timestamp="15 Aug 2019 08:26:27 GMT" time="0.005" errors="0">
  <testcase name="runnerT1" time="0.0" classname="com.muda.controller.platform.job.PlatformJobController"/>
  <testcase name="runnerF2" time="0.001" classname="com.muda.controller.platform.job.PlatformJobController">
    <failure type="java.lang.AssertionError" message="expected [true] but found [false]">
      <![CDATA[java.lang.AssertionError: expected [true] but found [false]
	at com.muda.controller.platform.job.PlatformJobController.runnerF2(PlatformJobController.java:163)
	at java.util.concurrent.ThreadPoolExecutor.runWorker(ThreadPoolExecutor.java:1142)
	at java.util.concurrent.ThreadPoolExecutor$Worker.run(ThreadPoolExecutor.java:617)
	at java.lang.Thread.run(Thread.java:745)
... Removed 14 stack frames]]>
    </failure>
  </testcase> <!-- runnerF2 -->
  <testcase name="runnerF1" time="0.001" classname="com.muda.controller.platform.job.PlatformJobController">
    <failure type="java.lang.AssertionError" message="FFFF1111message expected [bb] but found [aa]">
      <![CDATA[java.lang.AssertionError: FFFF1111message expected [bb] but found [aa]
	at com.muda.controller.platform.job.PlatformJobController.runnerF1(PlatformJobController.java:158)
	at java.util.concurrent.ThreadPoolExecutor.runWorker(ThreadPoolExecutor.java:1142)
	at java.util.concurrent.ThreadPoolExecutor$Worker.run(ThreadPoolExecutor.java:617)
	at java.lang.Thread.run(Thread.java:745)
... Removed 14 stack frames]]>
    </failure>
  </testcase> <!-- runnerF1 -->
  <testcase name="runnerT2" time="0.0" classname="com.muda.controller.platform.job.PlatformJobController"/>
  <testcase name="runnerF2" time="0.0" classname="com.muda.controller.platform.job.PlatformJobController">
    <failure type="java.lang.AssertionError" message="expected [true] but found [false]">
      <![CDATA[java.lang.AssertionError: expected [true] but found [false]
	at com.muda.controller.platform.job.PlatformJobController.runnerF2(PlatformJobController.java:163)
	at java.util.concurrent.ThreadPoolExecutor.runWorker(ThreadPoolExecutor.java:1142)
	at java.util.concurrent.ThreadPoolExecutor$Worker.run(ThreadPoolExecutor.java:617)
	at java.lang.Thread.run(Thread.java:745)
... Removed 14 stack frames]]>
    </failure>
  </testcase> <!-- runnerF2 -->
  <testcase name="runnerF1" time="0.0" classname="com.muda.controller.platform.job.PlatformJobController">
    <failure type="java.lang.AssertionError" message="FFFF1111message expected [bb] but found [aa]">
      <![CDATA[java.lang.AssertionError: FFFF1111message expected [bb] but found [aa]
	at com.muda.controller.platform.job.PlatformJobController.runnerF1(PlatformJobController.java:158)
	at java.util.concurrent.ThreadPoolExecutor.runWorker(ThreadPoolExecutor.java:1142)
	at java.util.concurrent.ThreadPoolExecutor$Worker.run(ThreadPoolExecutor.java:617)
	at java.lang.Thread.run(Thread.java:745)
... Removed 14 stack frames]]>
    </failure>
  </testcase> <!-- runnerF1 -->
  <testcase name="runnerF2" time="0.0" classname="com.muda.controller.platform.job.PlatformJobController">
    <failure type="java.lang.AssertionError" message="expected [true] but found [false]">
      <![CDATA[java.lang.AssertionError: expected [true] but found [false]
	at com.muda.controller.platform.job.PlatformJobController.runnerF2(PlatformJobController.java:163)
	at java.util.concurrent.ThreadPoolExecutor.runWorker(ThreadPoolExecutor.java:1142)
	at java.util.concurrent.ThreadPoolExecutor$Worker.run(ThreadPoolExecutor.java:617)
	at java.lang.Thread.run(Thread.java:745)
... Removed 14 stack frames]]>
    </failure>
  </testcase> <!-- runnerF2 -->
  <testcase name="runnerF1" time="0.0" classname="com.muda.controller.platform.job.PlatformJobController">
    <failure type="java.lang.AssertionError" message="FFFF1111message expected [bb] but found [aa]">
      <![CDATA[java.lang.AssertionError: FFFF1111message expected [bb] but found [aa]
	at com.muda.controller.platform.job.PlatformJobController.runnerF1(PlatformJobController.java:158)
	at java.util.concurrent.ThreadPoolExecutor.runWorker(ThreadPoolExecutor.java:1142)
	at java.util.concurrent.ThreadPoolExecutor$Worker.run(ThreadPoolExecutor.java:617)
	at java.lang.Thread.run(Thread.java:745)
... Removed 14 stack frames]]>
    </failure>
  </testcase> <!-- runnerF1 -->
</testsuite> <!-- testReport -->
