<?xml version="1.0" encoding="UTF-8"?>
<!-- Generated by org.testng.reporters.JUnitXMLReporter -->
<testsuite hostname="appledeMacBook-Pro-72.local" name="testReport" tests="2" failures="0" timestamp="15 Aug 2019 04:02:55 GMT" time="0.017" errors="0">
  <testcase name="runnerT2" time="0.006" classname="com.muda.controller.platform.job.PlatformJobController"/>
  <testcase name="runnerT1" time="0.006" classname="com.muda.controller.platform.job.PlatformJobController"/>
</testsuite> <!-- testReport -->
